{"name": "test_sign_up_negative_14", "status": "failed", "statusDetails": {"message": "AssertionError: assert None\n +  where None = <bound method RegPage.check_native_validation of <ui.pages.reg_page.RegPage object at 0x7fd5b03b5130>>()\n +    where <bound method RegPage.check_native_validation of <ui.pages.reg_page.RegPage object at 0x7fd5b03b5130>> = <ui.pages.reg_page.RegPage object at 0x7fd5b03b5130>.check_native_validation", "trace": "self = <test_ui.TestUI object at 0x7fd5b050a910>\nreg_page_object = <ui.pages.reg_page.RegPage object at 0x7fd5b03b5130>\n\n    @allure.feature('UI tests')\n    @allure.story('Sign up page story')\n    def test_sign_up_negative_14(self, reg_page_object):\n        \"\"\"Проверка нативной валидации\"\"\"\n        self.logger.start_logging(\n            f'./project/app_logs/{inspect.getframeinfo(inspect.currentframe()).function}_ui_log.txt')\n        with allure.step('Получаем объект страницы регистрации'):\n            reg_page = self.login_page.sign_up(reg_page_object)\n        with allure.step('Проверяем нативную валидацию'):\n            reg_page.check_native_validation()\n            allure.attach(self.driver.get_screenshot_as_png(), 'Error screen', allure.attachment_type.PNG)\n            self.logger.stop_logging()\n            allure.attach(self.logger.get_log_info(), 'App log', allure.attachment_type.TEXT)\n>           assert reg_page.check_native_validation()\nE           assert None\nE            +  where None = <bound method RegPage.check_native_validation of <ui.pages.reg_page.RegPage object at 0x7fd5b03b5130>>()\nE            +    where <bound method RegPage.check_native_validation of <ui.pages.reg_page.RegPage object at 0x7fd5b03b5130>> = <ui.pages.reg_page.RegPage object at 0x7fd5b03b5130>.check_native_validation\n\nreg_page   = <ui.pages.reg_page.RegPage object at 0x7fd5b03b5130>\nreg_page_object = <ui.pages.reg_page.RegPage object at 0x7fd5b03b5130>\nself       = <test_ui.TestUI object at 0x7fd5b050a910>\n\nproject/tests/test_ui.py:469: AssertionError"}, "description": "Проверка нативной валидации", "steps": [{"name": "Получаем объект страницы регистрации", "status": "passed", "start": 1590595700837, "stop": 1590595700949}, {"name": "Проверяем нативную валидацию", "status": "failed", "statusDetails": {"message": "AssertionError: assert None\n +  where None = <bound method RegPage.check_native_validation of <ui.pages.reg_page.RegPage object at 0x7fd5b03b5130>>()\n +    where <bound method RegPage.check_native_validation of <ui.pages.reg_page.RegPage object at 0x7fd5b03b5130>> = <ui.pages.reg_page.RegPage object at 0x7fd5b03b5130>.check_native_validation\n", "trace": "  File \"/media/qunity/Workspace/Python_projects/qa-project/project/tests/test_ui.py\", line 469, in test_sign_up_negative_14\n    assert reg_page.check_native_validation()\n"}, "attachments": [{"name": "Error screen", "source": "4c7de34b-a553-4306-9c9d-9406d651a19b-attachment.png", "type": "image/png"}, {"name": "App log", "source": "b85208a8-8588-4132-a7c7-8a3cfc6e3cdd-attachment.txt", "type": "text/plain"}], "start": 1590595700950, "stop": 1590595701204}], "start": 1590595700774, "stop": 1590595701205, "uuid": "aae2b6a1-2168-42aa-85d5-d8df91090d08", "historyId": "ad98157308f18b52ded6c87fa25f45ae", "testCaseId": "6375f577305fd4736cdb9cbe8d615436", "fullName": "tests.test_ui.TestUI#test_sign_up_negative_14", "labels": [{"name": "feature", "value": "UI tests"}, {"name": "story", "value": "Sign up page story"}, {"name": "tag", "value": "UI"}, {"name": "parentSuite", "value": "tests"}, {"name": "suite", "value": "test_ui"}, {"name": "subSuite", "value": "TestUI"}, {"name": "host", "value": "dmaksimov-laptop"}, {"name": "thread", "value": "22050-MainThread"}, {"name": "framework", "value": "pytest"}, {"name": "language", "value": "cpython3"}, {"name": "package", "value": "tests.test_ui"}]}